Script started on 2019-02-26 21:53:46-06:00 [TERM="xterm-termite" TTY="/dev/pts/1" COLUMNS="84" LINES="44"]
sp: (0.5, 0.5, 0.5)
p: 100
z: 0.1
num_runs: 5
Using seed: 74324316635, 
(18331.068669464596, 42635.997115776045, -43161.33420493741) 1.5273786417793177e+27
(36678.62578674575, 85274.34108784318, -86322.37968136129) 9.776905274472784e+28
(55042.36607500179, 127915.33878268402, -129478.98599279324) 1.1137437159674276e+30
(73386.29917161286, 170563.99617565563, -172637.85439825288) 6.258610660842494e+30
(91730.0177345538, 213199.7249040613, -215789.08284460247) 2.3870154202193623e+31
(110026.09930949265, 255837.59692309113, -258952.82083008834) 7.12712520975768e+31
(128369.5775816971, 298470.97235799266, -302111.90981000074) 1.7971161075429002e+32
(146716.54588423602, 341107.5553177514, -345257.65942512534) 4.003842827438338e+32
(165069.702784222, 383738.21452318144, -388407.23772506893) 8.11616763473919e+32
(183457.61379969973, 426371.1204999088, -431559.56633219705) 1.5272065793922454e+33
(201761.71020275858, 469012.07412164257, -474719.0537901888) 2.705524019901777e+33
(220119.92511302035, 511654.1332432347, -517871.21722972655) 4.56027449389259e+33
(238488.22150694922, 554292.058791405, -561030.5189520082) 7.37195591251651e+33
(256819.6563135925, 596927.015068012, -604187.5086727192) 1.1499554217961538e+34
(275196.159504145, 639571.5597957722, -647333.0877353172) 1.7396593601741156e+34
(293540.6889047609, 682211.8278454171, -690479.1095760921) 2.5622511749040627e+34
(311908.61443636066, 724853.623879805, -733625.9145128194) 3.6863291280303853e+34
(330221.23214546696, 767500.1123482134, -776779.6265354657) 5.194402765309412e+34
(348525.1756297653, 810133.6151240227, -819930.5906509043) 7.184491003523257e+34
(366844.1665525488, 852778.1710113034, -863093.2134359825) 9.773908462925322e+34
(385239.36533882737, 895404.7231492292, -906241.4563450566) 1.3097637025073048e+35
(403602.9390763345, 938047.459666147, -949395.0238436187) 1.731501118368537e+35
(421913.87800559925, 980680.6372610294, -992574.2077726565) 2.2608465497417618e+35
(440252.19121333264, 1023327.4621012467, -1035728.2330023699) 2.9186254932518242e+35
(458667.73931275506, 1065964.032884564, -1078883.6996647767) 3.7287684429658235e+35
(476972.3479897384, 1108598.681505574, -1122049.1451453287) 4.718061123540165e+35
(495272.8055458642, 1151233.7564593137, -1165209.899279895) 5.916959734780738e+35
(513612.5855923814, 1193867.52033979, -1208368.8695058567) 7.35973552069462e+35
(532003.2218935012, 1236502.7288420042, -1251521.4991977355) 9.0845851920807e+35
(550398.7614041583, 1279145.607208822, -1294668.5421132199) 1.1133969461212703e+36
(568690.5396466969, 1321783.362773416, -1337820.6262176195) 1.3554346122998643e+36
(587068.4574306561, 1364414.8835480178, -1380975.1288600669) 1.6398626871807073e+36
^CTraceback (most recent call last):
  File "rhc.py", line 108, in <module>
    main()
  File "rhc.py", line 105, in main
    run_RHC(sp, p, r)
  File "rhc.py", line 90, in run_RHC
    results.append(RHC(sp, p, r, seed))
  File "rhc.py", line 66, in RHC
    neighbors = generate_neighbors(sp, r, p)
  File "rhc.py", line 14, in <lambda>
    generate_neighbors = lambda sp, r, p: [generate_neighbor(sp, r) for _ in range(p)]
  File "rhc.py", line 14, in <listcomp>
    generate_neighbors = lambda sp, r, p: [generate_neighbor(sp, r) for _ in range(p)]
  File "rhc.py", line 11, in generate_neighbor
    z1, z2, z3 = [random.uniform(-abs(r), abs(r)) for _ in range(3)]
  File "rhc.py", line 11, in <listcomp>
    z1, z2, z3 = [random.uniform(-abs(r), abs(r)) for _ in range(3)]
  File "/usr/lib/python3.7/random.py", line 374, in uniform
    return a + (b-a) * self.random()
KeyboardInterrupt

Script done on 2019-02-27 09:24:50-06:00 [COMMAND_EXIT_CODE="1"]
