Script started on 2019-02-26 21:53:43-06:00 [TERM="xterm-termite" TTY="/dev/pts/0" COLUMNS="110" LINES="62"]
sp: (0.5, 0.5, 0.5)
p: 100
z: 0.1
num_runs: 5
Using seed: 37309438871, 
(18357.175093419486, 42644.245472913164, -43142.42374194731) 1.5267172541412137e+27
(36668.22001075012, 85282.7272849772, -86297.44846265051) 9.770402376999573e+28
(55013.18320877735, 127908.39860317517, -129460.53038780864) 1.1129565195007188e+30
(73408.4419345968, 170548.30788707559, -172607.01452764636) 6.254133365747219e+30
(91731.07307477154, 213201.72443361094, -215757.55230164516) 2.38603759382719e+31
(110043.00406839761, 255839.9670204188, -258910.3683134443) 7.124070832826428e+31
(128396.66015618437, 298470.1068332516, -302071.14601381513) 1.796467321580977e+32
(146721.90291757626, 341119.2280978677, -345218.82666210155) 4.0029051490434586e+32
(165073.06026594373, 383738.9733085781, -388369.0956982062) 8.113861468114793e+32
(183464.3827312665, 426360.56354879076, -431523.128804092) 1.5267294023791852e+33
(201798.93200275663, 469009.54809103376, -474663.04071897274) 2.70464850331463e+33
(220145.76950987495, 511644.0145664858, -517825.3111399876) 4.5589445389801194e+33
(238473.44229444631, 554281.3611355736, -560976.8133858205) 7.369335341381317e+33
(256847.71274433358, 596914.0943332061, -604134.7190349749) 1.1496162045692448e+34
(275138.4053890978, 639561.3616358051, -647299.5791510765) 1.7392234146690273e+34
(293458.57890585106, 682208.9434069856, -690451.4447767714) 2.561737816591548e+34
(311825.6008118751, 724846.7421594571, -733603.2443380463) 3.6856507712290482e+34
(330169.8447318604, 767492.784192637, -776759.810097452) 5.193670631050569e+34
(348482.7969315939, 810131.0642955119, -819923.3258534819) 7.184023635720459e+34
(366818.68076975027, 852776.6531280995, -863077.3192413832) 9.773154142455273e+34
(385150.6166469508, 895408.3337478779, -906237.7627520106) 1.3096882979800567e+35
(403465.8118329816, 938045.7147043291, -949400.0145829243) 1.7313753749703667e+35
(421748.94786474603, 980679.7322124637, -992558.3197515844) 2.2605155303990508e+35
(440145.4130924503, 1023294.5908237892, -1035714.6702815163) 2.918079090659991e+35
(458472.98017125763, 1065918.3771758939, -1078881.208177236) 3.727914731532319e+35
(476922.9046249657, 1108548.1818461523, -1122030.0941210394) 4.7171089776914465e+35
(495212.9978959334, 1151173.7539982067, -1165185.254753441) 5.915559744833928e+35
(513565.7248799629, 1193806.7857499789, -1208347.9605433734) 7.35815760649889e+35
(531908.2794733468, 1236430.2456416583, -1251500.5746593624) 9.08226548166665e+35
(550256.3171101022, 1279069.514687912, -1294646.914723223) 1.1130881386757051e+36
(568594.4971396787, 1321708.280544186, -1337815.4300422666) 1.3551506465850044e+36
(586878.7513185543, 1364328.296479467, -1380983.3757982056) 1.6394755698436386e+36

^CTraceback (most recent call last):
  File "rhc.py", line 108, in <module>
    main()
  File "rhc.py", line 105, in main
    run_RHC(sp, p, r)
  File "rhc.py", line 90, in run_RHC
    results.append(RHC(sp, p, r, seed))
  File "rhc.py", line 66, in RHC
    neighbors = generate_neighbors(sp, r, p)
  File "rhc.py", line 14, in <lambda>
    generate_neighbors = lambda sp, r, p: [generate_neighbor(sp, r) for _ in range(p)]
  File "rhc.py", line 14, in <listcomp>
    generate_neighbors = lambda sp, r, p: [generate_neighbor(sp, r) for _ in range(p)]
  File "rhc.py", line 11, in generate_neighbor
    z1, z2, z3 = [random.uniform(-abs(r), abs(r)) for _ in range(3)]
  File "rhc.py", line 11, in <listcomp>
    z1, z2, z3 = [random.uniform(-abs(r), abs(r)) for _ in range(3)]
KeyboardInterrupt

Script done on 2019-02-27 09:24:48-06:00 [COMMAND_EXIT_CODE="1"]
